
─── Stage-1 : data-only training (epochs 1-24) ───
   data=5.36e-01  phys=4.22e+00  λ=0.00
E01  val RMSE_log=1.046  lr=1.0e-04
   data=5.09e-01  phys=4.41e+00  λ=0.00
E02  val RMSE_log=0.924  lr=1.0e-04
   data=4.04e-01  phys=4.15e+00  λ=0.00
E03  val RMSE_log=0.799  lr=1.0e-04
   data=3.36e-01  phys=4.03e+00  λ=0.00
E04  val RMSE_log=0.875  lr=1.0e-04
   data=3.33e-01  phys=3.98e+00  λ=0.00
E05  val RMSE_log=0.788  lr=1.0e-04
   data=3.14e-01  phys=4.00e+00  λ=0.00
E06  val RMSE_log=0.815  lr=1.0e-04
   data=3.37e-01  phys=3.98e+00  λ=0.00
E07  val RMSE_log=0.784  lr=1.0e-04
   data=3.12e-01  phys=3.96e+00  λ=0.00
E08  val RMSE_log=0.826  lr=1.0e-04
   data=3.12e-01  phys=3.95e+00  λ=0.00
E09  val RMSE_log=0.799  lr=1.0e-04
   data=3.22e-01  phys=3.98e+00  λ=0.00
E10  val RMSE_log=0.840  lr=1.0e-04
   data=3.22e-01  phys=4.00e+00  λ=0.00
E11  val RMSE_log=0.829  lr=5.0e-05
   data=3.21e-01  phys=3.97e+00  λ=0.00
E12  val RMSE_log=0.843  lr=5.0e-05
   data=3.04e-01  phys=3.98e+00  λ=0.00
E13  val RMSE_log=0.836  lr=5.0e-05
   data=3.35e-01  phys=4.04e+00  λ=0.00
E14  val RMSE_log=0.813  lr=5.0e-05
   data=3.17e-01  phys=4.03e+00  λ=0.00
E15  val RMSE_log=0.869  lr=2.5e-05
   data=3.03e-01  phys=3.99e+00  λ=0.00
E16  val RMSE_log=0.810  lr=2.5e-05
   data=3.17e-01  phys=3.96e+00  λ=0.00
E17  val RMSE_log=0.835  lr=2.5e-05
Early-stop Stage-1 at epoch 17  (best = 0.784)

─── Stage-2 : physics fine-tune (epochs 25-24) ───
